2019-03-12T05:53:54+00:00 CRITICAL Uncaught Error: Call to undefined function phpdo_shortcode() in /home/samedayd/public_html/londondrycleaningcompany.com/wp-content/themes/lldc/template-monthlyplan.php:95
Stack trace:
#0 /home/samedayd/public_html/londondrycleaningcompany.com/wp-includes/template-loader.php(74): include()
#1 /home/samedayd/public_html/londondrycleaningcompany.com/wp-blog-header.php(19): require_once('/home/samedayd/...')
#2 /home/samedayd/public_html/londondrycleaningcompany.com/index.php(17): require('/home/samedayd/...')
#3 {main}
  thrown in /home/samedayd/public_html/londondrycleaningcompany.com/wp-content/themes/lldc/template-monthlyplan.php on line 95

2019-03-12T06:20:45+00:00 CRITICAL Uncaught Error: Call to a member function get_cart_url() on null in /home/samedayd/public_html/londondrycleaningcompany.com/wp-content/themes/lldc/header.php:65
Stack trace:
#0 /home/samedayd/public_html/londondrycleaningcompany.com/wp-includes/template.php(688): require_once()
#1 /home/samedayd/public_html/londondrycleaningcompany.com/wp-includes/template.php(647): load_template('/home/samedayd/...', true)
#2 /home/samedayd/public_html/londondrycleaningcompany.com/wp-includes/general-template.php(41): locate_template(Array, true)
#3 /home/samedayd/public_html/londondrycleaningcompany.com/wp-content/themes/lldc/page.php(15): get_header()
#4 /home/samedayd/public_html/londondrycleaningcompany.com/wp-includes/template-loader.php(74): include('/home/samedayd/...')
#5 /home/samedayd/public_html/londondrycleaningcompany.com/wp-blog-header.php(19): require_once('/home/samedayd/...')
#6 /home/samedayd/public_html/londondrycleaningcompany.com/index.php(17): require('/home/samedayd/...')
#7 {main}
  thrown in /home/samedayd/public_html/londondrycleaningcompany.com/wp-content/themes/lldc/header.php on line 65

2019-03-12T06:20:52+00:00 CRITICAL Uncaught Error: Call to a member function get_cart_url() on null in /home/samedayd/public_html/londondrycleaningcompany.com/wp-content/themes/lldc/header.php:65
Stack trace:
#0 /home/samedayd/public_html/londondrycleaningcompany.com/wp-includes/template.php(688): require_once()
#1 /home/samedayd/public_html/londondrycleaningcompany.com/wp-includes/template.php(647): load_template('/home/samedayd/...', true)
#2 /home/samedayd/public_html/londondrycleaningcompany.com/wp-includes/general-template.php(41): locate_template(Array, true)
#3 /home/samedayd/public_html/londondrycleaningcompany.com/wp-content/themes/lldc/404.php(10): get_header()
#4 /home/samedayd/public_html/londondrycleaningcompany.com/wp-includes/template-loader.php(74): include('/home/samedayd/...')
#5 /home/samedayd/public_html/londondrycleaningcompany.com/wp-blog-header.php(19): require_once('/home/samedayd/...')
#6 /home/samedayd/public_html/londondrycleaningcompany.com/index.php(17): require('/home/samedayd/...')
#7 {main}
  thrown in /home/samedayd/public_html/londondrycleaningcompany.com/wp-content/themes/lldc/header.php on line 65

2019-03-12T06:20:52+00:00 CRITICAL Uncaught Error: Call to a member function get_cart_url() on null in /home/samedayd/public_html/londondrycleaningcompany.com/wp-content/themes/lldc/header.php:65
Stack trace:
#0 /home/samedayd/public_html/londondrycleaningcompany.com/wp-includes/template.php(688): require_once()
#1 /home/samedayd/public_html/londondrycleaningcompany.com/wp-includes/template.php(647): load_template('/home/samedayd/...', true)
#2 /home/samedayd/public_html/londondrycleaningcompany.com/wp-includes/general-template.php(41): locate_template(Array, true)
#3 /home/samedayd/public_html/londondrycleaningcompany.com/wp-content/themes/lldc/404.php(10): get_header()
#4 /home/samedayd/public_html/londondrycleaningcompany.com/wp-includes/template-loader.php(74): include('/home/samedayd/...')
#5 /home/samedayd/public_html/londondrycleaningcompany.com/wp-blog-header.php(19): require_once('/home/samedayd/...')
#6 /home/samedayd/public_html/londondrycleaningcompany.com/index.php(17): require('/home/samedayd/...')
#7 {main}
  thrown in /home/samedayd/public_html/londondrycleaningcompany.com/wp-content/themes/lldc/header.php on line 65

2019-03-12T06:20:58+00:00 CRITICAL Uncaught Error: Call to a member function get_cart_url() on null in /home/samedayd/public_html/londondrycleaningcompany.com/wp-content/themes/lldc/header.php:65
Stack trace:
#0 /home/samedayd/public_html/londondrycleaningcompany.com/wp-includes/template.php(688): require_once()
#1 /home/samedayd/public_html/londondrycleaningcompany.com/wp-includes/template.php(647): load_template('/home/samedayd/...', true)
#2 /home/samedayd/public_html/londondrycleaningcompany.com/wp-includes/general-template.php(41): locate_template(Array, true)
#3 /home/samedayd/public_html/londondrycleaningcompany.com/wp-content/themes/lldc/template-home.php(4): get_header()
#4 /home/samedayd/public_html/londondrycleaningcompany.com/wp-includes/template-loader.php(74): include('/home/samedayd/...')
#5 /home/samedayd/public_html/londondrycleaningcompany.com/wp-blog-header.php(19): require_once('/home/samedayd/...')
#6 /home/samedayd/public_html/londondrycleaningcompany.com/index.php(17): require('/home/samedayd/...')
#7 {main}
  thrown in /home/samedayd/public_html/londondrycleaningcompany.com/wp-content/themes/lldc/header.php on line 65

2019-03-12T06:21:18+00:00 CRITICAL Uncaught Error: Call to a member function get_cart_url() on null in /home/samedayd/public_html/londondrycleaningcompany.com/wp-content/themes/lldc/header.php:65
Stack trace:
#0 /home/samedayd/public_html/londondrycleaningcompany.com/wp-includes/template.php(688): require_once()
#1 /home/samedayd/public_html/londondrycleaningcompany.com/wp-includes/template.php(647): load_template('/home/samedayd/...', true)
#2 /home/samedayd/public_html/londondrycleaningcompany.com/wp-includes/general-template.php(41): locate_template(Array, true)
#3 /home/samedayd/public_html/londondrycleaningcompany.com/wp-content/themes/lldc/template-home.php(4): get_header()
#4 /home/samedayd/public_html/londondrycleaningcompany.com/wp-includes/template-loader.php(74): include('/home/samedayd/...')
#5 /home/samedayd/public_html/londondrycleaningcompany.com/wp-blog-header.php(19): require_once('/home/samedayd/...')
#6 /home/samedayd/public_html/londondrycleaningcompany.com/index.php(17): require('/home/samedayd/...')
#7 {main}
  thrown in /home/samedayd/public_html/londondrycleaningcompany.com/wp-content/themes/lldc/header.php on line 65

2019-03-12T07:02:30+00:00 CRITICAL Uncaught Error: Class 'OrderProduct_Function' not found in /home/samedayd/public_html/londondrycleaningcompany.com/wp-content/themes/lldc/functions.php:580
Stack trace:
#0 /home/samedayd/public_html/londondrycleaningcompany.com/wp-includes/class-wp-hook.php(286): register_custom_order_status('')
#1 /home/samedayd/public_html/londondrycleaningcompany.com/wp-includes/class-wp-hook.php(310): WP_Hook->apply_filters(NULL, Array)
#2 /home/samedayd/public_html/londondrycleaningcompany.com/wp-includes/plugin.php(453): WP_Hook->do_action(Array)
#3 /home/samedayd/public_html/londondrycleaningcompany.com/wp-settings.php(450): do_action('init')
#4 /home/samedayd/public_html/londondrycleaningcompany.com/wp-config.php(89): require_once('/home/samedayd/...')
#5 /home/samedayd/public_html/londondrycleaningcompany.com/wp-load.php(37): require_once('/home/samedayd/...')
#6 /home/samedayd/public_html/londondrycleaningcompany.com/wp-cron.php(33): require_once('/home/samedayd/...')
#7 {main}
  thrown in /home/samedayd/public_html/londondrycleaningcompany.com/wp-content/themes/lldc/functions.php on line 580

2019-03-12T07:02:30+00:00 CRITICAL Uncaught Error: Class 'OrderProduct_Function' not found in /home/samedayd/public_html/londondrycleaningcompany.com/wp-content/themes/lldc/functions.php:580
Stack trace:
#0 /home/samedayd/public_html/londondrycleaningcompany.com/wp-includes/class-wp-hook.php(286): register_custom_order_status('')
#1 /home/samedayd/public_html/londondrycleaningcompany.com/wp-includes/class-wp-hook.php(310): WP_Hook->apply_filters(NULL, Array)
#2 /home/samedayd/public_html/londondrycleaningcompany.com/wp-includes/plugin.php(453): WP_Hook->do_action(Array)
#3 /home/samedayd/public_html/londondrycleaningcompany.com/wp-settings.php(450): do_action('init')
#4 /home/samedayd/public_html/londondrycleaningcompany.com/wp-config.php(89): require_once('/home/samedayd/...')
#5 /home/samedayd/public_html/londondrycleaningcompany.com/wp-load.php(37): require_once('/home/samedayd/...')
#6 /home/samedayd/public_html/londondrycleaningcompany.com/wp-blog-header.php(13): require_once('/home/samedayd/...')
#7 /home/samedayd/public_html/londondrycl in /home/samedayd/public_html/londondrycleaningcompany.com/wp-content/themes/lldc/functions.php on line 580

2019-03-12T07:53:08+00:00 CRITICAL Uncaught Error: Call to undefined function lldc_post_thumbnail() in /home/samedayd/public_html/londondrycleaningcompany.com/wp-content/themes/lldc/template-parts/content-page.php:17
Stack trace:
#0 /home/samedayd/public_html/londondrycleaningcompany.com/wp-includes/template.php(690): require()
#1 /home/samedayd/public_html/londondrycleaningcompany.com/wp-includes/template.php(647): load_template('/home/samedayd/...', false)
#2 /home/samedayd/public_html/londondrycleaningcompany.com/wp-includes/general-template.php(155): locate_template(Array, true, false)
#3 /home/samedayd/public_html/londondrycleaningcompany.com/wp-content/themes/lldc/page.php(25): get_template_part('template-parts/...', 'page')
#4 /home/samedayd/public_html/londondrycleaningcompany.com/wp-includes/template-loader.php(74): include('/home/samedayd/...')
#5 /home/samedayd/public_html/londondrycleaningcompany.com/wp-blog-header.php(19): require_once('/home/samedayd/...')
#6 /home/samedayd/public_html/londondrycleaningcompany.com/index.php(17):  in /home/samedayd/public_html/londondrycleaningcompany.com/wp-content/themes/lldc/template-parts/content-page.php on line 17

2019-03-12T09:07:01+00:00 CRITICAL syntax error, unexpected end of file in /home/samedayd/public_html/londondrycleaningcompany.com/wp-content/themes/lldc/template-order.php on line 276

2019-03-12T09:07:03+00:00 CRITICAL syntax error, unexpected end of file in /home/samedayd/public_html/londondrycleaningcompany.com/wp-content/themes/lldc/template-order.php on line 276

2019-03-12T09:52:31+00:00 CRITICAL Uncaught Error: Call to undefined method WC_Cart::cart_contents_count() in /home/samedayd/public_html/londondrycleaningcompany.com/wp-content/themes/lldc/header.php:66
Stack trace:
#0 /home/samedayd/public_html/londondrycleaningcompany.com/wp-includes/template.php(688): require_once()
#1 /home/samedayd/public_html/londondrycleaningcompany.com/wp-includes/template.php(647): load_template('/home/samedayd/...', true)
#2 /home/samedayd/public_html/londondrycleaningcompany.com/wp-includes/general-template.php(41): locate_template(Array, true)
#3 /home/samedayd/public_html/londondrycleaningcompany.com/wp-content/themes/lldc/template-order.php(4): get_header()
#4 /home/samedayd/public_html/londondrycleaningcompany.com/wp-includes/template-loader.php(74): include('/home/samedayd/...')
#5 /home/samedayd/public_html/londondrycleaningcompany.com/wp-blog-header.php(19): require_once('/home/samedayd/...')
#6 /home/samedayd/public_html/londondrycleaningcompany.com/index.php(17): require('/home/samedayd/...')
#7 {main}
  th in /home/samedayd/public_html/londondrycleaningcompany.com/wp-content/themes/lldc/header.php on line 66

2019-03-12T11:24:28+00:00 CRITICAL Uncaught Error: Call to a member function get_cart_url() on null in /home/samedayd/public_html/londondrycleaningcompany.com/wp-content/themes/lldc/header-other.php:64
Stack trace:
#0 /home/samedayd/public_html/londondrycleaningcompany.com/wp-includes/template.php(688): require_once()
#1 /home/samedayd/public_html/londondrycleaningcompany.com/wp-includes/template.php(647): load_template('/home/samedayd/...', true)
#2 /home/samedayd/public_html/londondrycleaningcompany.com/wp-includes/general-template.php(41): locate_template(Array, true)
#3 /home/samedayd/public_html/londondrycleaningcompany.com/wp-content/themes/lldc/template-shopcontrolpanel.php(4): get_header('other')
#4 /home/samedayd/public_html/londondrycleaningcompany.com/wp-includes/template-loader.php(74): include('/home/samedayd/...')
#5 /home/samedayd/public_html/londondrycleaningcompany.com/wp-blog-header.php(19): require_once('/home/samedayd/...')
#6 /home/samedayd/public_html/londondrycleaningcompany.com/index.php(17): require('/home/samedayd/... in /home/samedayd/public_html/londondrycleaningcompany.com/wp-content/themes/lldc/header-other.php on line 64

2019-03-12T11:24:31+00:00 CRITICAL Uncaught Error: Call to a member function get_cart_url() on null in /home/samedayd/public_html/londondrycleaningcompany.com/wp-content/themes/lldc/header-other.php:64
Stack trace:
#0 /home/samedayd/public_html/londondrycleaningcompany.com/wp-includes/template.php(688): require_once()
#1 /home/samedayd/public_html/londondrycleaningcompany.com/wp-includes/template.php(647): load_template('/home/samedayd/...', true)
#2 /home/samedayd/public_html/londondrycleaningcompany.com/wp-includes/general-template.php(41): locate_template(Array, true)
#3 /home/samedayd/public_html/londondrycleaningcompany.com/wp-content/themes/lldc/template-shopcontrolpanel.php(4): get_header('other')
#4 /home/samedayd/public_html/londondrycleaningcompany.com/wp-includes/template-loader.php(74): include('/home/samedayd/...')
#5 /home/samedayd/public_html/londondrycleaningcompany.com/wp-blog-header.php(19): require_once('/home/samedayd/...')
#6 /home/samedayd/public_html/londondrycleaningcompany.com/index.php(17): require('/home/samedayd/... in /home/samedayd/public_html/londondrycleaningcompany.com/wp-content/themes/lldc/header-other.php on line 64

2019-03-12T11:24:33+00:00 CRITICAL Uncaught Error: Call to a member function get_cart_url() on null in /home/samedayd/public_html/londondrycleaningcompany.com/wp-content/themes/lldc/header-other.php:64
Stack trace:
#0 /home/samedayd/public_html/londondrycleaningcompany.com/wp-includes/template.php(688): require_once()
#1 /home/samedayd/public_html/londondrycleaningcompany.com/wp-includes/template.php(647): load_template('/home/samedayd/...', true)
#2 /home/samedayd/public_html/londondrycleaningcompany.com/wp-includes/general-template.php(41): locate_template(Array, true)
#3 /home/samedayd/public_html/londondrycleaningcompany.com/wp-content/themes/lldc/template-shopcontrolpanel.php(4): get_header('other')
#4 /home/samedayd/public_html/londondrycleaningcompany.com/wp-includes/template-loader.php(74): include('/home/samedayd/...')
#5 /home/samedayd/public_html/londondrycleaningcompany.com/wp-blog-header.php(19): require_once('/home/samedayd/...')
#6 /home/samedayd/public_html/londondrycleaningcompany.com/index.php(17): require('/home/samedayd/... in /home/samedayd/public_html/londondrycleaningcompany.com/wp-content/themes/lldc/header-other.php on line 64

2019-03-12T11:24:46+00:00 CRITICAL Uncaught Error: Call to a member function get_cart_url() on null in /home/samedayd/public_html/londondrycleaningcompany.com/wp-content/themes/lldc/header-other.php:64
Stack trace:
#0 /home/samedayd/public_html/londondrycleaningcompany.com/wp-includes/template.php(688): require_once()
#1 /home/samedayd/public_html/londondrycleaningcompany.com/wp-includes/template.php(647): load_template('/home/samedayd/...', true)
#2 /home/samedayd/public_html/londondrycleaningcompany.com/wp-includes/general-template.php(41): locate_template(Array, true)
#3 /home/samedayd/public_html/londondrycleaningcompany.com/wp-content/themes/lldc/template-shopcontrolpanel.php(4): get_header('other')
#4 /home/samedayd/public_html/londondrycleaningcompany.com/wp-includes/template-loader.php(74): include('/home/samedayd/...')
#5 /home/samedayd/public_html/londondrycleaningcompany.com/wp-blog-header.php(19): require_once('/home/samedayd/...')
#6 /home/samedayd/public_html/londondrycleaningcompany.com/index.php(17): require('/home/samedayd/... in /home/samedayd/public_html/londondrycleaningcompany.com/wp-content/themes/lldc/header-other.php on line 64

2019-03-12T11:25:29+00:00 CRITICAL Uncaught Error: Call to a member function get_cart_url() on null in /home/samedayd/public_html/londondrycleaningcompany.com/wp-content/themes/lldc/header-other.php:64
Stack trace:
#0 /home/samedayd/public_html/londondrycleaningcompany.com/wp-includes/template.php(688): require_once()
#1 /home/samedayd/public_html/londondrycleaningcompany.com/wp-includes/template.php(647): load_template('/home/samedayd/...', true)
#2 /home/samedayd/public_html/londondrycleaningcompany.com/wp-includes/general-template.php(41): locate_template(Array, true)
#3 /home/samedayd/public_html/londondrycleaningcompany.com/wp-content/themes/lldc/template-shopcontrolpanel.php(4): get_header('other')
#4 /home/samedayd/public_html/londondrycleaningcompany.com/wp-includes/template-loader.php(74): include('/home/samedayd/...')
#5 /home/samedayd/public_html/londondrycleaningcompany.com/wp-blog-header.php(19): require_once('/home/samedayd/...')
#6 /home/samedayd/public_html/londondrycleaningcompany.com/index.php(17): require('/home/samedayd/... in /home/samedayd/public_html/londondrycleaningcompany.com/wp-content/themes/lldc/header-other.php on line 64

2019-03-12T11:25:32+00:00 CRITICAL Uncaught Error: Call to a member function get_cart_url() on null in /home/samedayd/public_html/londondrycleaningcompany.com/wp-content/themes/lldc/header-other.php:64
Stack trace:
#0 /home/samedayd/public_html/londondrycleaningcompany.com/wp-includes/template.php(688): require_once()
#1 /home/samedayd/public_html/londondrycleaningcompany.com/wp-includes/template.php(647): load_template('/home/samedayd/...', true)
#2 /home/samedayd/public_html/londondrycleaningcompany.com/wp-includes/general-template.php(41): locate_template(Array, true)
#3 /home/samedayd/public_html/londondrycleaningcompany.com/wp-content/themes/lldc/template-shopcontrolpanel.php(4): get_header('other')
#4 /home/samedayd/public_html/londondrycleaningcompany.com/wp-includes/template-loader.php(74): include('/home/samedayd/...')
#5 /home/samedayd/public_html/londondrycleaningcompany.com/wp-blog-header.php(19): require_once('/home/samedayd/...')
#6 /home/samedayd/public_html/londondrycleaningcompany.com/index.php(17): require('/home/samedayd/... in /home/samedayd/public_html/londondrycleaningcompany.com/wp-content/themes/lldc/header-other.php on line 64

2019-03-12T11:25:36+00:00 CRITICAL Uncaught Error: Call to a member function get_cart_url() on null in /home/samedayd/public_html/londondrycleaningcompany.com/wp-content/themes/lldc/header-other.php:64
Stack trace:
#0 /home/samedayd/public_html/londondrycleaningcompany.com/wp-includes/template.php(688): require_once()
#1 /home/samedayd/public_html/londondrycleaningcompany.com/wp-includes/template.php(647): load_template('/home/samedayd/...', true)
#2 /home/samedayd/public_html/londondrycleaningcompany.com/wp-includes/general-template.php(41): locate_template(Array, true)
#3 /home/samedayd/public_html/londondrycleaningcompany.com/wp-content/themes/lldc/template-shopcontrolpanel.php(4): get_header('other')
#4 /home/samedayd/public_html/londondrycleaningcompany.com/wp-includes/template-loader.php(74): include('/home/samedayd/...')
#5 /home/samedayd/public_html/londondrycleaningcompany.com/wp-blog-header.php(19): require_once('/home/samedayd/...')
#6 /home/samedayd/public_html/londondrycleaningcompany.com/index.php(17): require('/home/samedayd/... in /home/samedayd/public_html/londondrycleaningcompany.com/wp-content/themes/lldc/header-other.php on line 64

2019-03-12T11:26:52+00:00 CRITICAL Uncaught Error: Call to a member function get_cart_url() on null in /home/samedayd/public_html/londondrycleaningcompany.com/wp-content/themes/lldc/header-other.php:64
Stack trace:
#0 /home/samedayd/public_html/londondrycleaningcompany.com/wp-includes/template.php(688): require_once()
#1 /home/samedayd/public_html/londondrycleaningcompany.com/wp-includes/template.php(647): load_template('/home/samedayd/...', true)
#2 /home/samedayd/public_html/londondrycleaningcompany.com/wp-includes/general-template.php(41): locate_template(Array, true)
#3 /home/samedayd/public_html/londondrycleaningcompany.com/wp-content/themes/lldc/template-shopcontrolpanel.php(4): get_header('other')
#4 /home/samedayd/public_html/londondrycleaningcompany.com/wp-includes/template-loader.php(74): include('/home/samedayd/...')
#5 /home/samedayd/public_html/londondrycleaningcompany.com/wp-blog-header.php(19): require_once('/home/samedayd/...')
#6 /home/samedayd/public_html/londondrycleaningcompany.com/index.php(17): require('/home/samedayd/... in /home/samedayd/public_html/londondrycleaningcompany.com/wp-content/themes/lldc/header-other.php on line 64

2019-03-12T11:26:55+00:00 CRITICAL Uncaught Error: Call to a member function get_cart_url() on null in /home/samedayd/public_html/londondrycleaningcompany.com/wp-content/themes/lldc/header-other.php:64
Stack trace:
#0 /home/samedayd/public_html/londondrycleaningcompany.com/wp-includes/template.php(688): require_once()
#1 /home/samedayd/public_html/londondrycleaningcompany.com/wp-includes/template.php(647): load_template('/home/samedayd/...', true)
#2 /home/samedayd/public_html/londondrycleaningcompany.com/wp-includes/general-template.php(41): locate_template(Array, true)
#3 /home/samedayd/public_html/londondrycleaningcompany.com/wp-content/themes/lldc/template-shopcontrolpanel.php(4): get_header('other')
#4 /home/samedayd/public_html/londondrycleaningcompany.com/wp-includes/template-loader.php(74): include('/home/samedayd/...')
#5 /home/samedayd/public_html/londondrycleaningcompany.com/wp-blog-header.php(19): require_once('/home/samedayd/...')
#6 /home/samedayd/public_html/londondrycleaningcompany.com/index.php(17): require('/home/samedayd/... in /home/samedayd/public_html/londondrycleaningcompany.com/wp-content/themes/lldc/header-other.php on line 64

2019-03-12T11:26:59+00:00 CRITICAL Uncaught Error: Call to a member function get_cart_url() on null in /home/samedayd/public_html/londondrycleaningcompany.com/wp-content/themes/lldc/header-other.php:64
Stack trace:
#0 /home/samedayd/public_html/londondrycleaningcompany.com/wp-includes/template.php(688): require_once()
#1 /home/samedayd/public_html/londondrycleaningcompany.com/wp-includes/template.php(647): load_template('/home/samedayd/...', true)
#2 /home/samedayd/public_html/londondrycleaningcompany.com/wp-includes/general-template.php(41): locate_template(Array, true)
#3 /home/samedayd/public_html/londondrycleaningcompany.com/wp-content/themes/lldc/template-shopcontrolpanel.php(4): get_header('other')
#4 /home/samedayd/public_html/londondrycleaningcompany.com/wp-includes/template-loader.php(74): include('/home/samedayd/...')
#5 /home/samedayd/public_html/londondrycleaningcompany.com/wp-blog-header.php(19): require_once('/home/samedayd/...')
#6 /home/samedayd/public_html/londondrycleaningcompany.com/index.php(17): require('/home/samedayd/... in /home/samedayd/public_html/londondrycleaningcompany.com/wp-content/themes/lldc/header-other.php on line 64

2019-03-12T11:29:09+00:00 CRITICAL Uncaught Error: Call to a member function get_cart_url() on null in /home/samedayd/public_html/londondrycleaningcompany.com/wp-content/themes/lldc/header-other.php:64
Stack trace:
#0 /home/samedayd/public_html/londondrycleaningcompany.com/wp-includes/template.php(688): require_once()
#1 /home/samedayd/public_html/londondrycleaningcompany.com/wp-includes/template.php(647): load_template('/home/samedayd/...', true)
#2 /home/samedayd/public_html/londondrycleaningcompany.com/wp-includes/general-template.php(41): locate_template(Array, true)
#3 /home/samedayd/public_html/londondrycleaningcompany.com/wp-content/themes/lldc/template-shopcontrolpanel.php(4): get_header('other')
#4 /home/samedayd/public_html/londondrycleaningcompany.com/wp-includes/template-loader.php(74): include('/home/samedayd/...')
#5 /home/samedayd/public_html/londondrycleaningcompany.com/wp-blog-header.php(19): require_once('/home/samedayd/...')
#6 /home/samedayd/public_html/londondrycleaningcompany.com/index.php(17): require('/home/samedayd/... in /home/samedayd/public_html/londondrycleaningcompany.com/wp-content/themes/lldc/header-other.php on line 64

2019-03-12T11:29:13+00:00 CRITICAL Uncaught Error: Call to a member function get_cart_url() on null in /home/samedayd/public_html/londondrycleaningcompany.com/wp-content/themes/lldc/header-other.php:64
Stack trace:
#0 /home/samedayd/public_html/londondrycleaningcompany.com/wp-includes/template.php(688): require_once()
#1 /home/samedayd/public_html/londondrycleaningcompany.com/wp-includes/template.php(647): load_template('/home/samedayd/...', true)
#2 /home/samedayd/public_html/londondrycleaningcompany.com/wp-includes/general-template.php(41): locate_template(Array, true)
#3 /home/samedayd/public_html/londondrycleaningcompany.com/wp-content/themes/lldc/template-shopcontrolpanel.php(4): get_header('other')
#4 /home/samedayd/public_html/londondrycleaningcompany.com/wp-includes/template-loader.php(74): include('/home/samedayd/...')
#5 /home/samedayd/public_html/londondrycleaningcompany.com/wp-blog-header.php(19): require_once('/home/samedayd/...')
#6 /home/samedayd/public_html/londondrycleaningcompany.com/index.php(17): require('/home/samedayd/... in /home/samedayd/public_html/londondrycleaningcompany.com/wp-content/themes/lldc/header-other.php on line 64

